2022-May-01 22:59:13 PM [main] INFO  com.inetbanking.testcases.BaseClass - inetbanking
2022-May-01 22:59:30 PM [main] INFO  com.inetbanking.testcases.BaseClass - url opened
2022-May-01 22:59:40 PM [main] INFO  com.inetbanking.testcases.BaseClass - username enteredmngr402779
2022-May-01 22:59:40 PM [main] INFO  com.inetbanking.testcases.BaseClass - password enteredvYnUdAs
2022-May-01 22:59:58 PM [main] INFO  com.inetbanking.testcases.BaseClass - clicked on submit
2022-May-01 22:59:58 PM [main] INFO  com.inetbanking.testcases.BaseClass - login test passed
2022-May-01 23:00:00 PM [main] INFO  com.inetbanking.testcases.BaseClass - inetbanking
2022-May-01 23:00:13 PM [main] INFO  com.inetbanking.testcases.BaseClass - url opened
2022-May-01 23:00:26 PM [main] INFO  com.inetbanking.testcases.BaseClass - user name provided
2022-May-01 23:00:26 PM [main] INFO  com.inetbanking.testcases.BaseClass - password provided
2022-May-01 23:00:58 PM [main] INFO  com.inetbanking.testcases.BaseClass - Login passed
2022-May-01 23:01:14 PM [main] INFO  com.inetbanking.testcases.BaseClass - user name provided
2022-May-01 23:01:14 PM [main] INFO  com.inetbanking.testcases.BaseClass - password provided
2022-May-01 23:01:32 PM [main] INFO  com.inetbanking.testcases.BaseClass - user name provided
2022-May-01 23:01:33 PM [main] INFO  com.inetbanking.testcases.BaseClass - password provided
2022-May-01 23:01:44 PM [main] INFO  com.inetbanking.testcases.BaseClass - user name provided
2022-May-01 23:01:44 PM [main] INFO  com.inetbanking.testcases.BaseClass - password provided
2022-May-01 23:01:58 PM [main] INFO  com.inetbanking.testcases.BaseClass - Login passed
2022-May-01 23:02:11 PM [main] INFO  com.inetbanking.testcases.BaseClass - user name provided
2022-May-01 23:02:12 PM [main] INFO  com.inetbanking.testcases.BaseClass - password provided
2022-May-01 23:02:21 PM [main] INFO  com.inetbanking.testcases.BaseClass - inetbanking
2022-May-01 23:02:34 PM [main] INFO  com.inetbanking.testcases.BaseClass - url opened
2022-May-01 23:02:40 PM [main] INFO  com.inetbanking.testcases.BaseClass - User name is provided
2022-May-01 23:02:40 PM [main] INFO  com.inetbanking.testcases.BaseClass - Passsword is provided
2022-May-01 23:02:43 PM [main] INFO  com.inetbanking.testcases.BaseClass - login successful
2022-May-01 23:02:48 PM [main] INFO  com.inetbanking.testcases.BaseClass - providing customer details....
2022-May-01 23:02:48 PM [main] INFO  com.inetbanking.testcases.BaseClass - ad dilogue box closed
2022-May-01 23:03:13 PM [main] INFO  com.inetbanking.testcases.BaseClass - validation started....
2022-May-01 23:03:13 PM [main] INFO  com.inetbanking.testcases.BaseClass - test case passed....
