2022-May-01 23:25:18 PM [main] INFO  com.inetbanking.testcases.BaseClass - inetbanking
2022-May-01 23:25:45 PM [main] INFO  com.inetbanking.testcases.BaseClass - url opened
2022-May-01 23:25:58 PM [main] INFO  com.inetbanking.testcases.BaseClass - username enteredmngr402779
2022-May-01 23:25:58 PM [main] INFO  com.inetbanking.testcases.BaseClass - password enteredvYnUdAs
2022-May-01 23:26:08 PM [main] INFO  com.inetbanking.testcases.BaseClass - clicked on submit
2022-May-01 23:26:08 PM [main] INFO  com.inetbanking.testcases.BaseClass - login test passed
2022-May-01 23:26:12 PM [main] INFO  com.inetbanking.testcases.BaseClass - inetbanking
2022-May-01 23:26:25 PM [main] INFO  com.inetbanking.testcases.BaseClass - url opened
2022-May-01 23:26:37 PM [main] INFO  com.inetbanking.testcases.BaseClass - user name provided
2022-May-01 23:26:37 PM [main] INFO  com.inetbanking.testcases.BaseClass - password provided
2022-May-01 23:26:46 PM [main] INFO  com.inetbanking.testcases.BaseClass - Login passed
2022-May-01 23:27:02 PM [main] INFO  com.inetbanking.testcases.BaseClass - user name provided
2022-May-01 23:27:02 PM [main] INFO  com.inetbanking.testcases.BaseClass - password provided
2022-May-01 23:27:17 PM [main] INFO  com.inetbanking.testcases.BaseClass - user name provided
2022-May-01 23:27:17 PM [main] INFO  com.inetbanking.testcases.BaseClass - password provided
2022-May-01 23:27:33 PM [main] INFO  com.inetbanking.testcases.BaseClass - user name provided
2022-May-01 23:27:33 PM [main] INFO  com.inetbanking.testcases.BaseClass - password provided
2022-May-01 23:27:44 PM [main] INFO  com.inetbanking.testcases.BaseClass - Login passed
2022-May-01 23:27:56 PM [main] INFO  com.inetbanking.testcases.BaseClass - user name provided
2022-May-01 23:27:56 PM [main] INFO  com.inetbanking.testcases.BaseClass - password provided
2022-May-01 23:28:10 PM [main] INFO  com.inetbanking.testcases.BaseClass - inetbanking
2022-May-01 23:28:22 PM [main] INFO  com.inetbanking.testcases.BaseClass - url opened
2022-May-01 23:28:29 PM [main] INFO  com.inetbanking.testcases.BaseClass - User name is provided
2022-May-01 23:28:29 PM [main] INFO  com.inetbanking.testcases.BaseClass - Passsword is provided
2022-May-01 23:28:35 PM [main] INFO  com.inetbanking.testcases.BaseClass - login successful
2022-May-01 23:28:39 PM [main] INFO  com.inetbanking.testcases.BaseClass - providing customer details....
2022-May-01 23:28:39 PM [main] INFO  com.inetbanking.testcases.BaseClass - ad dilogue box closed
2022-May-01 23:29:07 PM [main] INFO  com.inetbanking.testcases.BaseClass - validation started....
2022-May-01 23:29:07 PM [main] INFO  com.inetbanking.testcases.BaseClass - test case passed....
